<?xml version="1.0" encoding="UTF-8"?>
<testng-results skipped="0" failed="0" ignored="0" total="1" passed="1">
  <reporter-output>
  </reporter-output>
  <suite name="Default suite" duration-ms="11239" started-at="2021-09-02T05:19:51Z" finished-at="2021-09-02T05:20:02Z">
    <groups>
    </groups>
    <test name="Default test" duration-ms="11239" started-at="2021-09-02T05:19:51Z" finished-at="2021-09-02T05:20:02Z">
      <class name="test.TestWebPage">
        <test-method status="PASS" signature="toggleOnCheckBox()[pri:0, instance:test.TestWebPage@7b227d8d]" name="toggleOnCheckBox" duration-ms="11218" started-at="2021-09-02T05:19:51Z" finished-at="2021-09-02T05:20:02Z">
          <reporter-output>
          </reporter-output>
        </test-method> <!-- toggleOnCheckBox -->
      </class> <!-- test.TestWebPage -->
    </test> <!-- Default test -->
  </suite> <!-- Default suite -->
</testng-results>
